2025-12-22 09:00:08,085 ERROR scheduler Skipped queueing frappe.desk.utils.delete_old_exported_report_files because it was found in queue for library.localhost
2025-12-22 09:00:08,370 ERROR scheduler Skipped queueing frappe.core.doctype.log_settings.log_settings.run_log_clean_up because it was found in queue for library.localhost
2025-12-22 09:00:08,410 ERROR scheduler Skipped queueing frappe.website.doctype.web_page.web_page.check_publish_status because it was found in queue for library.localhost
2025-12-22 09:00:08,450 ERROR scheduler Skipped queueing frappe.desk.notifications.clear_notifications because it was found in queue for library.localhost
2025-12-22 09:00:08,473 ERROR scheduler Skipped queueing frappe.website.doctype.personal_data_deletion_request.personal_data_deletion_request.remove_unverified_record because it was found in queue for library.localhost
2025-12-22 09:00:08,486 ERROR scheduler Skipped queueing frappe.desk.form.document_follow.send_hourly_updates because it was found in queue for library.localhost
2025-12-22 09:00:08,489 ERROR scheduler Skipped queueing frappe.oauth.delete_oauth2_data because it was found in queue for library.localhost
2025-12-22 09:00:08,501 ERROR scheduler Skipped queueing frappe.model.utils.user_settings.sync_user_settings because it was found in queue for library.localhost
2025-12-22 09:00:08,508 ERROR scheduler Skipped queueing frappe.core.doctype.prepared_report.prepared_report.expire_stalled_report because it was found in queue for library.localhost
2025-12-22 09:00:08,516 ERROR scheduler Skipped queueing frappe.twofactor.delete_all_barcodes_for_users because it was found in queue for library.localhost
2025-12-22 09:00:08,533 ERROR scheduler Skipped queueing frappe.sessions.clear_expired_sessions because it was found in queue for library.localhost
2025-12-22 09:00:08,535 ERROR scheduler Skipped queueing frappe.website.doctype.personal_data_deletion_request.personal_data_deletion_request.process_data_deletion_request because it was found in queue for library.localhost
2025-12-22 09:00:08,564 ERROR scheduler Skipped queueing frappe.automation.doctype.auto_repeat.auto_repeat.make_auto_repeat_entry because it was found in queue for library.localhost
2025-12-22 09:00:08,598 ERROR scheduler Skipped queueing frappe.core.doctype.user_invitation.user_invitation.mark_expired_invitations because it was found in queue for library.localhost
2025-12-23 08:56:00,516 ERROR scheduler Skipped queueing frappe.core.doctype.log_settings.log_settings.run_log_clean_up because it was found in queue for library.localhost
2025-12-23 08:56:00,579 ERROR scheduler Skipped queueing frappe.desk.utils.delete_old_exported_report_files because it was found in queue for library.localhost
2025-12-23 08:56:00,583 ERROR scheduler Skipped queueing frappe.website.doctype.web_page.web_page.check_publish_status because it was found in queue for library.localhost
2025-12-23 08:56:00,586 ERROR scheduler Skipped queueing frappe.core.doctype.prepared_report.prepared_report.expire_stalled_report because it was found in queue for library.localhost
2025-12-23 08:56:00,599 ERROR scheduler Skipped queueing frappe.website.doctype.personal_data_deletion_request.personal_data_deletion_request.process_data_deletion_request because it was found in queue for library.localhost
2025-12-23 08:56:00,601 ERROR scheduler Skipped queueing frappe.email.doctype.notification.notification.trigger_daily_alerts because it was found in queue for library.localhost
2025-12-23 08:56:00,603 ERROR scheduler Skipped queueing frappe.model.utils.user_settings.sync_user_settings because it was found in queue for library.localhost
2025-12-23 08:56:00,615 ERROR scheduler Skipped queueing frappe.email.doctype.email_account.email_account.pull because it was found in queue for library.localhost
2025-12-23 08:56:00,619 ERROR scheduler Skipped queueing frappe.desk.form.document_follow.send_daily_updates because it was found in queue for library.localhost
2025-12-23 08:56:00,621 ERROR scheduler Skipped queueing frappe.desk.notifications.clear_notifications because it was found in queue for library.localhost
2025-12-23 08:56:00,632 ERROR scheduler Skipped queueing frappe.utils.global_search.sync_global_search because it was found in queue for library.localhost
2025-12-23 08:56:00,634 ERROR scheduler Skipped queueing frappe.automation.doctype.auto_repeat.auto_repeat.make_auto_repeat_entry because it was found in queue for library.localhost
2025-12-23 08:56:00,661 ERROR scheduler Skipped queueing frappe.desk.form.document_follow.send_hourly_updates because it was found in queue for library.localhost
2025-12-23 08:56:00,663 ERROR scheduler Skipped queueing frappe.core.doctype.user_invitation.user_invitation.mark_expired_invitations because it was found in queue for library.localhost
2025-12-23 08:56:00,665 ERROR scheduler Skipped queueing frappe.sessions.clear_expired_sessions because it was found in queue for library.localhost
2025-12-23 08:56:00,683 ERROR scheduler Skipped queueing frappe.website.doctype.personal_data_deletion_request.personal_data_deletion_request.remove_unverified_record because it was found in queue for library.localhost
2025-12-23 08:56:00,699 ERROR scheduler Skipped queueing frappe.twofactor.delete_all_barcodes_for_users because it was found in queue for library.localhost
2025-12-23 08:56:00,703 ERROR scheduler Skipped queueing frappe.oauth.delete_oauth2_data because it was found in queue for library.localhost
2025-12-23 08:56:00,707 ERROR scheduler Skipped queueing frappe.deferred_insert.save_to_db because it was found in queue for library.localhost
2025-12-23 08:56:00,709 ERROR scheduler Skipped queueing frappe.desk.page.backups.backups.delete_downloadable_backups because it was found in queue for library.localhost
2025-12-23 08:56:00,711 ERROR scheduler Skipped queueing frappe.email.doctype.auto_email_report.auto_email_report.send_daily because it was found in queue for library.localhost
2025-12-23 08:56:00,724 ERROR scheduler Skipped queueing frappe.email.doctype.notification.notification.trigger_offset_alerts because it was found in queue for library.localhost
